<?xml version="1.0" encoding="UTF-8"?>
<testsuite name="TestClass" tests="1" skipped="0" failures="0" errors="0" timestamp="2021-01-06T18:07:36" hostname="LAPTOP-GS97P0F9" time="0.006">
  <properties/>
  <testcase name="getWinnerTest" classname="TestClass" time="0.006"/>
  <system-out><![CDATA[]]></system-out>
  <system-err><![CDATA[]]></system-err>
</testsuite>
