<?xml version="1.0" encoding="UTF-8"?>
<testsuite name="TestClass" tests="1" skipped="0" failures="0" errors="0" timestamp="2021-01-19T23:17:09" hostname="LAPTOP-GS97P0F9" time="54.31">
  <properties/>
  <testcase name="createBoardRatingTest" classname="TestClass" time="54.31"/>
  <system-out><![CDATA[]]></system-out>
  <system-err><![CDATA[]]></system-err>
</testsuite>
