<?xml version="1.0" encoding="UTF-8"?>
<testsuite name="TestClass" tests="1" skipped="0" failures="0" errors="0" timestamp="2021-01-05T19:12:57" hostname="LAPTOP-GS97P0F9" time="0.033">
  <properties/>
  <testcase name="createChildrenTest" classname="TestClass" time="0.033"/>
  <system-out><![CDATA[DIAGONALLEFT
Col: 2 ColTo: 1
Row: 1 rowTo: 2
FORWARD
Col: 2 ColTo: 2
Row: 1 rowTo: 2
DOUBLEFORWARD
Col: 2 ColTo: 2
Row: 1 rowTo: 3
DIAGONALRIGHT
Col: 2 ColTo: 3
Row: 1 rowTo: 2
4

Child: 1
Pawn: 1 Row: 2 Col: 1
Pawn: 1 Row: 2 Col: 3

Child: 2
Pawn: 1 Row: 2 Col: 2
Pawn: 1 Row: 2 Col: 1
Pawn: 2 Row: 2 Col: 3

Child: 3
Pawn: 1 Row: 3 Col: 2
Pawn: 1 Row: 2 Col: 1
Pawn: 2 Row: 2 Col: 3

Child: 4
Pawn: 1 Row: 2 Col: 3
Pawn: 1 Row: 2 Col: 1
]]></system-out>
  <system-err><![CDATA[whitepawns
blackPawns
whitepawns
blackPawns
whitepawns
blackPawns
whitepawns
blackPawns
]]></system-err>
</testsuite>
