<?xml version="1.0" encoding="UTF-8"?>
<testsuite name="TestClass" tests="1" skipped="0" failures="0" errors="0" timestamp="2021-01-20T20:46:44" hostname="LAPTOP-GS97P0F9" time="0.016">
  <properties/>
  <testcase name="createBoardRatingTest" classname="TestClass" time="0.016"/>
  <system-out><![CDATA[
B B B B B B B   
              B 
                
                
                
    W           
                
W W   W W W W W 


B B B B B B B   
                
              B 
                
                
    W           
                
W W   W W W W W 


B B B B B B   B 
            B   
                
                
                
    W           
                
W W   W W W W W 


B B B B B B   B 
                
            B   
                
                
    W           
                
W W   W W W W W 


B B B B B   B B 
          B     
                
                
                
    W           
                
W W   W W W W W 


B B B B B   B B 
                
          B     
                
                
    W           
                
W W   W W W W W 


B B B B   B B B 
        B       
                
                
                
    W           
                
W W   W W W W W 


B B B B   B B B 
                
        B       
                
                
    W           
                
W W   W W W W W 


B B B   B B B B 
      B         
                
                
                
    W           
                
W W   W W W W W 


B B B   B B B B 
                
      B         
                
                
    W           
                
W W   W W W W W 


B B   B B B B B 
    B           
                
                
                
    W           
                
W W   W W W W W 


B B   B B B B B 
                
    B           
                
                
    W           
                
W W   W W W W W 


B   B B B B B B 
  B             
                
                
                
    W           
                
W W   W W W W W 


B   B B B B B B 
                
  B             
                
                
    W           
                
W W   W W W W W 


  B B B B B B B 
B               
                
                
                
    W           
                
W W   W W W W W 


  B B B B B B B 
                
B               
                
                
    W           
                
W W   W W W W W 

MACHINE
]]></system-out>
  <system-err><![CDATA[1
2
3
4
5
6
7
8
9
10
11
12
13
14
15
16
]]></system-err>
</testsuite>
