<?xml version="1.0" encoding="UTF-8"?>
<testsuite name="TestClass" tests="1" skipped="0" failures="0" errors="0" timestamp="2020-12-28T20:54:15" hostname="LAPTOP-GS97P0F9" time="0.022">
  <properties/>
  <testcase name="createChildrenTest" classname="TestClass" time="0.022"/>
  <system-out><![CDATA[10

Child: 1
Pawn 1 Row: 3 Col: 1
Pawn 2 Row: 3 Col: 2
Pawn 3 Row: 3 Col: 3
Pawn 1 Row: 1 Col: 1
Pawn 2 Row: 1 Col: 2
Pawn 3 Row: 1 Col: 3

Child: 2
Pawn 1 Row: 3 Col: 1
Pawn 2 Row: 3 Col: 2
Pawn 3 Row: 3 Col: 3
Pawn 1 Row: 1 Col: 1
Pawn 2 Row: 1 Col: 2
Pawn 3 Row: 1 Col: 3

Child: 3
Pawn 1 Row: 3 Col: 1
Pawn 2 Row: 3 Col: 2
Pawn 3 Row: 3 Col: 3
Pawn 1 Row: 1 Col: 1
Pawn 2 Row: 1 Col: 2
Pawn 3 Row: 1 Col: 3

Child: 4
Pawn 1 Row: 3 Col: 1
Pawn 2 Row: 3 Col: 2
Pawn 3 Row: 3 Col: 3
Pawn 1 Row: 1 Col: 1
Pawn 2 Row: 1 Col: 2
Pawn 3 Row: 1 Col: 3

Child: 5
Pawn 1 Row: 3 Col: 1
Pawn 2 Row: 3 Col: 2
Pawn 3 Row: 3 Col: 3
Pawn 1 Row: 1 Col: 1
Pawn 2 Row: 1 Col: 2
Pawn 3 Row: 1 Col: 3

Child: 6
Pawn 1 Row: 3 Col: 1
Pawn 2 Row: 3 Col: 1
Pawn 3 Row: 3 Col: 3
Pawn 1 Row: 1 Col: 1
Pawn 2 Row: 1 Col: 2
Pawn 3 Row: 1 Col: 3

Child: 7
Pawn 1 Row: 3 Col: 1
Pawn 2 Row: 3 Col: 1
Pawn 3 Row: 3 Col: 3
Pawn 1 Row: 1 Col: 1
Pawn 2 Row: 1 Col: 2
Pawn 3 Row: 1 Col: 3

Child: 8
Pawn 1 Row: 3 Col: 1
Pawn 2 Row: 3 Col: 1
Pawn 3 Row: 3 Col: 3
Pawn 1 Row: 1 Col: 1
Pawn 2 Row: 1 Col: 2
Pawn 3 Row: 1 Col: 3

Child: 9
Pawn 1 Row: 3 Col: 1
Pawn 2 Row: 3 Col: 1
Pawn 3 Row: 3 Col: 3
Pawn 1 Row: 1 Col: 1
Pawn 2 Row: 1 Col: 2
Pawn 3 Row: 1 Col: 3

Child: 10
Pawn 1 Row: 3 Col: 1
Pawn 2 Row: 3 Col: 1
Pawn 3 Row: 3 Col: 3
Pawn 1 Row: 1 Col: 1
Pawn 2 Row: 1 Col: 2
Pawn 3 Row: 1 Col: 3
]]></system-out>
  <system-err><![CDATA[whitepawns
blackPawns
whitepawns
blackPawns
whitepawns
blackPawns
whitepawns
blackPawns
whitepawns
blackPawns
whitepawns
blackPawns
whitepawns
blackPawns
whitepawns
blackPawns
whitepawns
blackPawns
whitepawns
blackPawns
]]></system-err>
</testsuite>
