<?xml version="1.0" encoding="UTF-8"?>
<testsuite name="TestClass" tests="1" skipped="0" failures="0" errors="0" timestamp="2021-01-08T21:24:18" hostname="LAPTOP-GS97P0F9" time="0.018">
  <properties/>
  <testcase name="createBoardRatingTest" classname="TestClass" time="0.018"/>
  <system-out><![CDATA[-4.5
-6.5
-0.5
1.5
0.0
-10.0
]]></system-out>
  <system-err><![CDATA[human1
machine1
]]></system-err>
</testsuite>
