<?xml version="1.0" encoding="UTF-8"?>
<testsuite name="TestClass" tests="1" skipped="0" failures="0" errors="0" timestamp="2021-01-06T19:53:49" hostname="LAPTOP-GS97P0F9" time="0.01">
  <properties/>
  <testcase name="createBoardRatingTest" classname="TestClass" time="0.01"/>
  <system-out><![CDATA[-2.5
-3.0
1.0
1.0
-3750.0
-3753.5
]]></system-out>
  <system-err><![CDATA[]]></system-err>
</testsuite>
