<?xml version="1.0" encoding="UTF-8"?>
<testsuite name="TestClass" tests="1" skipped="0" failures="0" errors="0" timestamp="2021-01-13T10:49:01" hostname="LAPTOP-GS97P0F9" time="0.224">
  <properties/>
  <testcase name="createBoardRatingTest" classname="TestClass" time="0.224"/>
  <system-out><![CDATA[done
-30.0

Pawn: 1 Row: 6 Col: 2
Pawn: 2 Row: 4 Col: 2
Pawn: 3 Row: 4 Col: 4
Pawn: 4 Row: 1 Col: 5
Pawn: 5 Row: 1 Col: 6
Pawn: 6 Row: 1 Col: 7
Pawn: 7 Row: 1 Col: 8
Pawn: 1 Row: 7 Col: 8
Pawn: 2 Row: 6 Col: 7
Pawn: 3 Row: 6 Col: 6
Pawn: 4 Row: 6 Col: 4
Pawn: 5 Row: 6 Col: 3
Pawn: 6 Row: 7 Col: 1
]]></system-out>
  <system-err><![CDATA[whitepawns
blackPawns
]]></system-err>
</testsuite>
