<?xml version="1.0" encoding="UTF-8"?>
<testsuite name="TestClass" tests="1" skipped="0" failures="0" errors="0" timestamp="2021-01-22T14:05:34" hostname="LAPTOP-GS97P0F9" time="0.087">
  <properties/>
  <testcase name="createBoardRatingTest" classname="TestClass" time="0.087"/>
  <system-out><![CDATA[-16.5
B               
              B 
  W   B   B B   
    B           
  W   W         
                
                
        W W W W 

]]></system-out>
  <system-err><![CDATA[]]></system-err>
</testsuite>
