<?xml version="1.0" encoding="UTF-8"?>
<testsuite name="TestClass" tests="1" skipped="0" failures="0" errors="0" timestamp="2021-01-23T13:00:40" hostname="LAPTOP-GS97P0F9" time="0.007">
  <properties/>
  <testcase name="printTest" classname="TestClass" time="0.007"/>
  <system-out><![CDATA[B B B B B B B B
               
               
               
               
               
               
W W W W W W W W
]]></system-out>
  <system-err><![CDATA[]]></system-err>
</testsuite>
