<?xml version="1.0" encoding="UTF-8"?>
<testsuite name="TestClass" tests="1" skipped="0" failures="0" errors="0" timestamp="2021-01-06T15:24:10" hostname="LAPTOP-GS97P0F9" time="0.008">
  <properties/>
  <testcase name="newMoveTest" classname="TestClass" time="0.008"/>
  <system-out><![CDATA[]]></system-out>
  <system-err><![CDATA[]]></system-err>
</testsuite>
